{"level":"info","message":"Server is running on port 3000","service":"opinion-trading-service","timestamp":"2025-03-11 15:57:35"}
{"level":"error","message":"Error: connect ECONNREFUSED ::1:27017, connect ECONNREFUSED 127.0.0.1:27017","service":"opinion-trading-service","timestamp":"2025-03-11 15:58:05"}
{"level":"info","message":"Server is running on port 3000","service":"opinion-trading-service","timestamp":"2025-03-11 16:00:04"}
{"level":"info","message":"MongoDB Connected: cluster0-shard-00-02.r4bnt.mongodb.net","service":"opinion-trading-service","timestamp":"2025-03-11 16:00:06"}
{"level":"info","message":"Server is running on port 3000","service":"opinion-trading-service","timestamp":"2025-03-11 16:00:48"}
{"level":"error","message":"Error: querySrv ENOTFOUND _mongodb._tcp.cluster0.mongodb.net","service":"opinion-trading-service","timestamp":"2025-03-11 16:00:49"}
{"level":"info","message":"Server is running on port 3000","service":"opinion-trading-service","timestamp":"2025-03-11 16:00:49"}
{"level":"error","message":"Error: querySrv ENOTFOUND _mongodb._tcp.cluster0.mongodb.net","service":"opinion-trading-service","timestamp":"2025-03-11 16:00:50"}
{"level":"info","message":"Server is running on port 3000","service":"opinion-trading-service","timestamp":"2025-03-11 16:06:09"}
{"level":"info","message":"MongoDB Connected: cluster0-shard-00-00.ufv5v.mongodb.net","service":"opinion-trading-service","timestamp":"2025-03-11 16:06:11"}
{"level":"info","message":"Server is running on port 3000","service":"opinion-trading-service","timestamp":"2025-03-11 16:11:03"}
{"level":"info","message":"MongoDB Connected: cluster0-shard-00-01.ufv5v.mongodb.net","service":"opinion-trading-service","timestamp":"2025-03-11 16:11:05"}
{"level":"info","message":"Server is running on port 3000","service":"opinion-trading-service","timestamp":"2025-03-11 16:11:58"}
{"level":"info","message":"MongoDB Connected: cluster0-shard-00-00.ufv5v.mongodb.net","service":"opinion-trading-service","timestamp":"2025-03-11 16:11:59"}
{"level":"info","message":"Server is running on port 3000","service":"opinion-trading-service","timestamp":"2025-03-11 16:12:29"}
{"level":"info","message":"MongoDB Connected: cluster0-shard-00-01.ufv5v.mongodb.net","service":"opinion-trading-service","timestamp":"2025-03-11 16:12:31"}
{"level":"info","message":"Server is running on port 3000","service":"opinion-trading-service","timestamp":"2025-03-11 16:13:13"}
{"level":"info","message":"MongoDB Connected: cluster0-shard-00-02.ufv5v.mongodb.net","service":"opinion-trading-service","timestamp":"2025-03-11 16:13:14"}
{"level":"info","message":"Server is running on port 3000","service":"opinion-trading-service","timestamp":"2025-03-11 16:14:33"}
{"level":"info","message":"Server is running on port 3000","service":"opinion-trading-service","timestamp":"2025-03-11 16:14:36"}
{"level":"info","message":"MongoDB Connected: cluster0-shard-00-00.ufv5v.mongodb.net","service":"opinion-trading-service","timestamp":"2025-03-11 16:14:38"}
{"level":"info","message":"Server is running on port 3000","service":"opinion-trading-service","timestamp":"2025-03-11 16:14:59"}
{"level":"info","message":"MongoDB Connected: cluster0-shard-00-01.ufv5v.mongodb.net","service":"opinion-trading-service","timestamp":"2025-03-11 16:15:03"}
{"level":"info","message":"Server is running on port 3000","service":"opinion-trading-service","timestamp":"2025-03-11 16:15:05"}
{"level":"info","message":"Server is running on port 3000","service":"opinion-trading-service","timestamp":"2025-03-11 16:15:07"}
{"level":"info","message":"MongoDB Connected: cluster0-shard-00-02.ufv5v.mongodb.net","service":"opinion-trading-service","timestamp":"2025-03-11 16:15:09"}
{"level":"info","message":"Server is running on port 3000","service":"opinion-trading-service","timestamp":"2025-03-11 16:15:23"}
{"level":"info","message":"Server is running on port 3000","service":"opinion-trading-service","timestamp":"2025-03-11 16:15:26"}
{"level":"info","message":"MongoDB Connected: cluster0-shard-00-01.ufv5v.mongodb.net","service":"opinion-trading-service","timestamp":"2025-03-11 16:15:27"}
{"level":"info","message":"Server is running on port 3000","service":"opinion-trading-service","timestamp":"2025-03-11 16:15:48"}
{"level":"info","message":"MongoDB Connected: cluster0-shard-00-01.ufv5v.mongodb.net","service":"opinion-trading-service","timestamp":"2025-03-11 16:15:49"}
{"level":"info","message":"Server is running on port 3000","service":"opinion-trading-service","timestamp":"2025-03-11 16:15:53"}
{"level":"info","message":"MongoDB Connected: cluster0-shard-00-01.ufv5v.mongodb.net","service":"opinion-trading-service","timestamp":"2025-03-11 16:15:54"}
{"level":"info","message":"Server is running on port 3000","service":"opinion-trading-service","timestamp":"2025-03-11 16:16:05"}
{"level":"info","message":"MongoDB Connected: cluster0-shard-00-02.ufv5v.mongodb.net","service":"opinion-trading-service","timestamp":"2025-03-11 16:16:05"}
{"level":"info","message":"Server is running on port 3000","service":"opinion-trading-service","timestamp":"2025-03-11 16:16:10"}
{"level":"info","message":"MongoDB Connected: cluster0-shard-00-02.ufv5v.mongodb.net","service":"opinion-trading-service","timestamp":"2025-03-11 16:16:12"}
{"level":"info","message":"Server is running on port 3000","service":"opinion-trading-service","timestamp":"2025-03-11 16:16:25"}
{"level":"info","message":"Server is running on port 3000","service":"opinion-trading-service","timestamp":"2025-03-11 16:16:30"}
{"level":"info","message":"MongoDB Connected: cluster0-shard-00-01.ufv5v.mongodb.net","service":"opinion-trading-service","timestamp":"2025-03-11 16:16:31"}
{"level":"info","message":"Server is running on port 3000","service":"opinion-trading-service","timestamp":"2025-03-11 16:16:49"}
{"level":"info","message":"MongoDB Connected: cluster0-shard-00-02.ufv5v.mongodb.net","service":"opinion-trading-service","timestamp":"2025-03-11 16:16:50"}
{"level":"info","message":"Server is running on port 3000","service":"opinion-trading-service","timestamp":"2025-03-11 16:16:56"}
{"level":"info","message":"MongoDB Connected: cluster0-shard-00-01.ufv5v.mongodb.net","service":"opinion-trading-service","timestamp":"2025-03-11 16:16:58"}
{"level":"info","message":"Server is running on port 3000","service":"opinion-trading-service","timestamp":"2025-03-11 16:17:06"}
{"level":"info","message":"MongoDB Connected: cluster0-shard-00-02.ufv5v.mongodb.net","service":"opinion-trading-service","timestamp":"2025-03-11 16:17:07"}
{"level":"info","message":"Server is running on port 3000","service":"opinion-trading-service","timestamp":"2025-03-11 16:17:30"}
{"level":"info","message":"Server is running on port 3000","service":"opinion-trading-service","timestamp":"2025-03-11 16:17:34"}
{"level":"info","message":"MongoDB Connected: cluster0-shard-00-00.ufv5v.mongodb.net","service":"opinion-trading-service","timestamp":"2025-03-11 16:17:36"}
{"level":"info","message":"Server is running on port 3000","service":"opinion-trading-service","timestamp":"2025-03-11 16:17:50"}
{"level":"info","message":"MongoDB Connected: cluster0-shard-00-02.ufv5v.mongodb.net","service":"opinion-trading-service","timestamp":"2025-03-11 16:17:51"}
{"level":"info","message":"Server is running on port 3000","service":"opinion-trading-service","timestamp":"2025-03-11 16:18:13"}
{"level":"info","message":"MongoDB Connected: cluster0-shard-00-00.ufv5v.mongodb.net","service":"opinion-trading-service","timestamp":"2025-03-11 16:18:15"}
{"level":"info","message":"Server is running on port 3000","service":"opinion-trading-service","timestamp":"2025-03-11 16:18:23"}
{"level":"info","message":"MongoDB Connected: cluster0-shard-00-02.ufv5v.mongodb.net","service":"opinion-trading-service","timestamp":"2025-03-11 16:18:24"}
{"level":"info","message":"Server is running on port 3000","service":"opinion-trading-service","timestamp":"2025-03-11 16:18:44"}
{"level":"info","message":"MongoDB Connected: cluster0-shard-00-02.ufv5v.mongodb.net","service":"opinion-trading-service","timestamp":"2025-03-11 16:18:44"}
{"level":"info","message":"Server is running on port 3000","service":"opinion-trading-service","timestamp":"2025-03-11 16:18:52"}
{"level":"info","message":"MongoDB Connected: cluster0-shard-00-00.ufv5v.mongodb.net","service":"opinion-trading-service","timestamp":"2025-03-11 16:18:54"}
{"level":"info","message":"Server is running on port 3000","service":"opinion-trading-service","timestamp":"2025-03-11 16:20:13"}
{"level":"info","message":"MongoDB Connected: cluster0-shard-00-00.ufv5v.mongodb.net","service":"opinion-trading-service","timestamp":"2025-03-11 16:20:16"}
{"level":"info","message":"Server is running on port 3000","service":"opinion-trading-service","timestamp":"2025-03-11 16:26:31"}
{"level":"info","message":"MongoDB Connected: cluster0-shard-00-00.ufv5v.mongodb.net","service":"opinion-trading-service","timestamp":"2025-03-11 16:26:34"}
{"level":"info","message":"Server is running on port 3000","service":"opinion-trading-service","timestamp":"2025-03-11 16:26:58"}
{"level":"info","message":"MongoDB Connected: cluster0-shard-00-00.ufv5v.mongodb.net","service":"opinion-trading-service","timestamp":"2025-03-11 16:27:00"}
{"level":"info","message":"Server is running on port 3000","service":"opinion-trading-service","timestamp":"2025-03-11 16:27:12"}
{"level":"info","message":"MongoDB Connected: cluster0-shard-00-01.ufv5v.mongodb.net","service":"opinion-trading-service","timestamp":"2025-03-11 16:27:14"}
{"level":"info","message":"Server is running on port 3000","service":"opinion-trading-service","timestamp":"2025-03-11 16:29:43"}
{"level":"info","message":"MongoDB Connected: cluster0-shard-00-01.ufv5v.mongodb.net","service":"opinion-trading-service","timestamp":"2025-03-11 16:29:45"}
{"level":"info","message":"Server is running on port 3000","service":"opinion-trading-service","timestamp":"2025-03-11 16:30:07"}
{"level":"info","message":"MongoDB Connected: cluster0-shard-00-02.ufv5v.mongodb.net","service":"opinion-trading-service","timestamp":"2025-03-11 16:30:08"}
{"level":"info","message":"Server is running on port 3000","service":"opinion-trading-service","timestamp":"2025-03-11 16:30:33"}
{"level":"info","message":"Server is running on port 3000","service":"opinion-trading-service","timestamp":"2025-03-11 16:30:42"}
{"level":"info","message":"MongoDB Connected: cluster0-shard-00-01.ufv5v.mongodb.net","service":"opinion-trading-service","timestamp":"2025-03-11 16:30:44"}
{"level":"info","message":"Server is running on port 3000","service":"opinion-trading-service","timestamp":"2025-03-11 16:31:15"}
{"level":"info","message":"Server is running on port 3000","service":"opinion-trading-service","timestamp":"2025-03-11 16:31:18"}
{"level":"info","message":"MongoDB Connected: cluster0-shard-00-01.ufv5v.mongodb.net","service":"opinion-trading-service","timestamp":"2025-03-11 16:31:20"}
{"level":"info","message":"Server is running on port 3000","service":"opinion-trading-service","timestamp":"2025-03-11 16:31:36"}
{"level":"info","message":"MongoDB Connected: cluster0-shard-00-01.ufv5v.mongodb.net","service":"opinion-trading-service","timestamp":"2025-03-11 16:31:39"}
{"level":"info","message":"Server is running on port 3000","service":"opinion-trading-service","timestamp":"2025-03-11 16:31:54"}
{"level":"info","message":"MongoDB Connected: cluster0-shard-00-02.ufv5v.mongodb.net","service":"opinion-trading-service","timestamp":"2025-03-11 16:31:55"}
{"level":"info","message":"Server is running on port 3000","service":"opinion-trading-service","timestamp":"2025-03-11 16:32:14"}
{"level":"info","message":"MongoDB Connected: cluster0-shard-00-02.ufv5v.mongodb.net","service":"opinion-trading-service","timestamp":"2025-03-11 16:32:15"}
{"level":"info","message":"Server is running on port 3000","service":"opinion-trading-service","timestamp":"2025-03-11 16:32:35"}
{"level":"info","message":"MongoDB Connected: cluster0-shard-00-00.ufv5v.mongodb.net","service":"opinion-trading-service","timestamp":"2025-03-11 16:32:36"}
{"level":"info","message":"Server is running on port 3000","service":"opinion-trading-service","timestamp":"2025-03-11 16:32:40"}
{"level":"info","message":"MongoDB Connected: cluster0-shard-00-00.ufv5v.mongodb.net","service":"opinion-trading-service","timestamp":"2025-03-11 16:32:41"}
{"level":"info","message":"Server is running on port 3000","service":"opinion-trading-service","timestamp":"2025-03-11 16:33:02"}
{"level":"info","message":"Server is running on port 3000","service":"opinion-trading-service","timestamp":"2025-03-11 16:33:10"}
{"level":"info","message":"MongoDB Connected: cluster0-shard-00-01.ufv5v.mongodb.net","service":"opinion-trading-service","timestamp":"2025-03-11 16:33:11"}
{"level":"info","message":"Server is running on port 3000","service":"opinion-trading-service","timestamp":"2025-03-11 16:33:21"}
{"level":"info","message":"MongoDB Connected: cluster0-shard-00-02.ufv5v.mongodb.net","service":"opinion-trading-service","timestamp":"2025-03-11 16:33:22"}
{"level":"info","message":"Server is running on port 3000","service":"opinion-trading-service","timestamp":"2025-03-11 16:33:35"}
{"level":"info","message":"MongoDB Connected: cluster0-shard-00-01.ufv5v.mongodb.net","service":"opinion-trading-service","timestamp":"2025-03-11 16:33:36"}
{"level":"info","message":"Server is running on port 3000","service":"opinion-trading-service","timestamp":"2025-03-11 16:34:00"}
{"level":"info","message":"MongoDB Connected: cluster0-shard-00-00.ufv5v.mongodb.net","service":"opinion-trading-service","timestamp":"2025-03-11 16:34:01"}
{"level":"info","message":"Server is running on port 3000","service":"opinion-trading-service","timestamp":"2025-03-11 16:34:15"}
{"level":"info","message":"MongoDB Connected: cluster0-shard-00-01.ufv5v.mongodb.net","service":"opinion-trading-service","timestamp":"2025-03-11 16:34:19"}
{"level":"info","message":"Server is running on port 3000","service":"opinion-trading-service","timestamp":"2025-03-11 16:34:34"}
{"level":"info","message":"MongoDB Connected: cluster0-shard-00-02.ufv5v.mongodb.net","service":"opinion-trading-service","timestamp":"2025-03-11 16:34:36"}
{"level":"info","message":"Server is running on port 3000","service":"opinion-trading-service","timestamp":"2025-03-11 16:34:49"}
{"level":"info","message":"Server is running on port 3000","service":"opinion-trading-service","timestamp":"2025-03-11 16:34:56"}
{"level":"info","message":"MongoDB Connected: cluster0-shard-00-00.ufv5v.mongodb.net","service":"opinion-trading-service","timestamp":"2025-03-11 16:34:57"}
{"level":"info","message":"Server is running on port 3000","service":"opinion-trading-service","timestamp":"2025-03-11 16:35:11"}
{"level":"info","message":"MongoDB Connected: cluster0-shard-00-00.ufv5v.mongodb.net","service":"opinion-trading-service","timestamp":"2025-03-11 16:35:12"}
{"level":"info","message":"Server is running on port 3000","service":"opinion-trading-service","timestamp":"2025-03-11 16:35:29"}
{"level":"info","message":"MongoDB Connected: cluster0-shard-00-01.ufv5v.mongodb.net","service":"opinion-trading-service","timestamp":"2025-03-11 16:35:31"}
{"level":"info","message":"Server is running on port 3000","service":"opinion-trading-service","timestamp":"2025-03-11 16:35:41"}
{"level":"info","message":"Server is running on port 3000","service":"opinion-trading-service","timestamp":"2025-03-11 16:35:49"}
{"level":"info","message":"MongoDB Connected: cluster0-shard-00-02.ufv5v.mongodb.net","service":"opinion-trading-service","timestamp":"2025-03-11 16:35:51"}
{"level":"info","message":"Server is running on port 3000","service":"opinion-trading-service","timestamp":"2025-03-11 16:35:57"}
{"level":"info","message":"MongoDB Connected: cluster0-shard-00-00.ufv5v.mongodb.net","service":"opinion-trading-service","timestamp":"2025-03-11 16:35:58"}
{"level":"info","message":"Server is running on port 3000","service":"opinion-trading-service","timestamp":"2025-03-11 16:36:04"}
{"level":"info","message":"MongoDB Connected: cluster0-shard-00-02.ufv5v.mongodb.net","service":"opinion-trading-service","timestamp":"2025-03-11 16:36:05"}
{"level":"info","message":"Server is running on port 3000","service":"opinion-trading-service","timestamp":"2025-03-11 16:36:15"}
{"level":"info","message":"MongoDB Connected: cluster0-shard-00-01.ufv5v.mongodb.net","service":"opinion-trading-service","timestamp":"2025-03-11 16:36:16"}
{"level":"info","message":"Server is running on port 3000","service":"opinion-trading-service","timestamp":"2025-03-11 16:36:33"}
{"level":"info","message":"MongoDB Connected: cluster0-shard-00-00.ufv5v.mongodb.net","service":"opinion-trading-service","timestamp":"2025-03-11 16:36:35"}
{"level":"info","message":"Server is running on port 3000","service":"opinion-trading-service","timestamp":"2025-03-11 16:37:03"}
{"level":"info","message":"MongoDB Connected: cluster0-shard-00-02.ufv5v.mongodb.net","service":"opinion-trading-service","timestamp":"2025-03-11 16:37:05"}
{"level":"info","message":"Server is running on port 3000","service":"opinion-trading-service","timestamp":"2025-03-11 16:37:27"}
{"level":"info","message":"MongoDB Connected: cluster0-shard-00-01.ufv5v.mongodb.net","service":"opinion-trading-service","timestamp":"2025-03-11 16:37:29"}
{"level":"info","message":"Server is running on port 3000","service":"opinion-trading-service","timestamp":"2025-03-11 16:37:39"}
{"level":"info","message":"Server is running on port 3000","service":"opinion-trading-service","timestamp":"2025-03-11 16:37:42"}
{"level":"info","message":"MongoDB Connected: cluster0-shard-00-00.ufv5v.mongodb.net","service":"opinion-trading-service","timestamp":"2025-03-11 16:37:43"}
{"level":"info","message":"Server is running on port 3000","service":"opinion-trading-service","timestamp":"2025-03-11 16:38:03"}
{"level":"info","message":"MongoDB Connected: cluster0-shard-00-00.ufv5v.mongodb.net","service":"opinion-trading-service","timestamp":"2025-03-11 16:38:05"}
{"level":"info","message":"Server is running on port 3000","service":"opinion-trading-service","timestamp":"2025-03-11 16:38:36"}
{"level":"info","message":"Server is running on port 3000","service":"opinion-trading-service","timestamp":"2025-03-11 16:38:39"}
{"level":"info","message":"MongoDB Connected: cluster0-shard-00-01.ufv5v.mongodb.net","service":"opinion-trading-service","timestamp":"2025-03-11 16:38:40"}
{"level":"info","message":"Server is running on port 3000","service":"opinion-trading-service","timestamp":"2025-03-11 16:38:55"}
{"level":"info","message":"MongoDB Connected: cluster0-shard-00-01.ufv5v.mongodb.net","service":"opinion-trading-service","timestamp":"2025-03-11 16:38:56"}
{"level":"info","message":"Server is running on port 3000","service":"opinion-trading-service","timestamp":"2025-03-11 16:39:13"}
{"level":"info","message":"MongoDB Connected: cluster0-shard-00-00.ufv5v.mongodb.net","service":"opinion-trading-service","timestamp":"2025-03-11 16:39:14"}
{"level":"info","message":"Server is running on port 3000","service":"opinion-trading-service","timestamp":"2025-03-11 16:39:27"}
{"level":"info","message":"MongoDB Connected: cluster0-shard-00-00.ufv5v.mongodb.net","service":"opinion-trading-service","timestamp":"2025-03-11 16:39:28"}
{"level":"info","message":"Server is running on port 3000","service":"opinion-trading-service","timestamp":"2025-03-11 16:39:34"}
{"level":"info","message":"MongoDB Connected: cluster0-shard-00-01.ufv5v.mongodb.net","service":"opinion-trading-service","timestamp":"2025-03-11 16:39:36"}
{"level":"info","message":"Server is running on port 3000","service":"opinion-trading-service","timestamp":"2025-03-11 16:39:52"}
{"level":"info","message":"MongoDB Connected: cluster0-shard-00-02.ufv5v.mongodb.net","service":"opinion-trading-service","timestamp":"2025-03-11 16:39:53"}
{"level":"info","message":"Server is running on port 3000","service":"opinion-trading-service","timestamp":"2025-03-11 16:39:58"}
{"level":"info","message":"MongoDB Connected: cluster0-shard-00-00.ufv5v.mongodb.net","service":"opinion-trading-service","timestamp":"2025-03-11 16:39:59"}
{"level":"info","message":"Server is running on port 3000","service":"opinion-trading-service","timestamp":"2025-03-11 16:40:16"}
{"level":"info","message":"MongoDB Connected: cluster0-shard-00-00.ufv5v.mongodb.net","service":"opinion-trading-service","timestamp":"2025-03-11 16:40:18"}
{"level":"info","message":"Server is running on port 3000","service":"opinion-trading-service","timestamp":"2025-03-11 16:40:22"}
{"level":"info","message":"MongoDB Connected: cluster0-shard-00-02.ufv5v.mongodb.net","service":"opinion-trading-service","timestamp":"2025-03-11 16:40:25"}
{"level":"info","message":"Server is running on port 3000","service":"opinion-trading-service","timestamp":"2025-03-11 16:40:39"}
{"level":"info","message":"MongoDB Connected: cluster0-shard-00-01.ufv5v.mongodb.net","service":"opinion-trading-service","timestamp":"2025-03-11 16:40:42"}
{"level":"info","message":"Server is running on port 3000","service":"opinion-trading-service","timestamp":"2025-03-11 16:40:46"}
{"level":"info","message":"MongoDB Connected: cluster0-shard-00-02.ufv5v.mongodb.net","service":"opinion-trading-service","timestamp":"2025-03-11 16:40:48"}
{"level":"info","message":"Server is running on port 3000","service":"opinion-trading-service","timestamp":"2025-03-11 16:41:09"}
{"level":"info","message":"MongoDB Connected: cluster0-shard-00-01.ufv5v.mongodb.net","service":"opinion-trading-service","timestamp":"2025-03-11 16:41:10"}
{"level":"info","message":"Server is running on port 3000","service":"opinion-trading-service","timestamp":"2025-03-11 16:41:14"}
{"level":"info","message":"MongoDB Connected: cluster0-shard-00-02.ufv5v.mongodb.net","service":"opinion-trading-service","timestamp":"2025-03-11 16:41:15"}
{"level":"info","message":"Server is running on port 3000","service":"opinion-trading-service","timestamp":"2025-03-11 16:41:38"}
{"level":"info","message":"MongoDB Connected: cluster0-shard-00-00.ufv5v.mongodb.net","service":"opinion-trading-service","timestamp":"2025-03-11 16:41:39"}
{"level":"info","message":"Server is running on port 3000","service":"opinion-trading-service","timestamp":"2025-03-11 16:41:43"}
{"level":"info","message":"MongoDB Connected: cluster0-shard-00-00.ufv5v.mongodb.net","service":"opinion-trading-service","timestamp":"2025-03-11 16:41:44"}
{"level":"info","message":"Server is running on port 3000","service":"opinion-trading-service","timestamp":"2025-03-11 16:43:12"}
{"level":"info","message":"MongoDB Connected: cluster0-shard-00-00.ufv5v.mongodb.net","service":"opinion-trading-service","timestamp":"2025-03-11 16:43:15"}
{"level":"info","message":"Server is running on port 3000","service":"opinion-trading-service","timestamp":"2025-03-11 16:43:36"}
{"level":"info","message":"MongoDB Connected: cluster0-shard-00-00.ufv5v.mongodb.net","service":"opinion-trading-service","timestamp":"2025-03-11 16:43:39"}
{"level":"info","message":"Server is running on port 3000","service":"opinion-trading-service","timestamp":"2025-03-11 16:44:34"}
{"level":"info","message":"MongoDB Connected: cluster0-shard-00-02.ufv5v.mongodb.net","service":"opinion-trading-service","timestamp":"2025-03-11 16:44:36"}
{"level":"info","message":"Server is running on port 3000","service":"opinion-trading-service","timestamp":"2025-03-11 16:45:15"}
{"level":"info","message":"MongoDB Connected: cluster0-shard-00-01.ufv5v.mongodb.net","service":"opinion-trading-service","timestamp":"2025-03-11 16:45:16"}
{"level":"info","message":"Server is running on port 3000","service":"opinion-trading-service","timestamp":"2025-03-11 16:45:38"}
{"level":"info","message":"Server is running on port 3000","service":"opinion-trading-service","timestamp":"2025-03-11 16:45:48"}
{"level":"info","message":"MongoDB Connected: cluster0-shard-00-00.ufv5v.mongodb.net","service":"opinion-trading-service","timestamp":"2025-03-11 16:45:50"}
{"level":"info","message":"Server is running on port 3000","service":"opinion-trading-service","timestamp":"2025-03-11 16:46:39"}
{"level":"info","message":"MongoDB Connected: cluster0-shard-00-02.ufv5v.mongodb.net","service":"opinion-trading-service","timestamp":"2025-03-11 16:46:48"}
{"level":"info","message":"Server is running on port 3000","service":"opinion-trading-service","timestamp":"2025-03-11 16:47:14"}
{"level":"info","message":"MongoDB Connected: cluster0-shard-00-00.ufv5v.mongodb.net","service":"opinion-trading-service","timestamp":"2025-03-11 16:47:15"}
{"level":"info","message":"Server is running on port 3000","service":"opinion-trading-service","timestamp":"2025-03-11 16:48:06"}
{"level":"info","message":"MongoDB Connected: cluster0-shard-00-02.ufv5v.mongodb.net","service":"opinion-trading-service","timestamp":"2025-03-11 16:48:08"}
{"level":"info","message":"Server is running on port 3000","service":"opinion-trading-service","timestamp":"2025-03-11 16:48:44"}
{"level":"info","message":"MongoDB Connected: cluster0-shard-00-00.ufv5v.mongodb.net","service":"opinion-trading-service","timestamp":"2025-03-11 16:48:46"}
{"level":"info","message":"Server is running on port 3000","service":"opinion-trading-service","timestamp":"2025-03-11 16:48:49"}
{"level":"info","message":"MongoDB Connected: cluster0-shard-00-02.ufv5v.mongodb.net","service":"opinion-trading-service","timestamp":"2025-03-11 16:48:50"}
{"level":"info","message":"Server is running on port 3000","service":"opinion-trading-service","timestamp":"2025-03-11 16:49:41"}
{"level":"info","message":"MongoDB Connected: cluster0-shard-00-00.ufv5v.mongodb.net","service":"opinion-trading-service","timestamp":"2025-03-11 16:49:43"}
{"level":"info","message":"Server is running on port 3000","service":"opinion-trading-service","timestamp":"2025-03-11 16:50:18"}
{"level":"info","message":"MongoDB Connected: cluster0-shard-00-01.ufv5v.mongodb.net","service":"opinion-trading-service","timestamp":"2025-03-11 16:50:20"}
{"level":"info","message":"Server is running on port 3000","service":"opinion-trading-service","timestamp":"2025-03-11 16:50:51"}
{"level":"info","message":"Server is running on port 3000","service":"opinion-trading-service","timestamp":"2025-03-11 16:50:55"}
{"level":"info","message":"MongoDB Connected: cluster0-shard-00-00.ufv5v.mongodb.net","service":"opinion-trading-service","timestamp":"2025-03-11 16:50:57"}
{"level":"info","message":"Server is running on port 3000","service":"opinion-trading-service","timestamp":"2025-03-11 16:51:50"}
{"level":"info","message":"MongoDB Connected: cluster0-shard-00-02.ufv5v.mongodb.net","service":"opinion-trading-service","timestamp":"2025-03-11 16:51:51"}
{"level":"info","message":"Server is running on port 3000","service":"opinion-trading-service","timestamp":"2025-03-11 16:52:19"}
{"level":"info","message":"MongoDB Connected: cluster0-shard-00-01.ufv5v.mongodb.net","service":"opinion-trading-service","timestamp":"2025-03-11 16:52:21"}
{"level":"info","message":"Server is running on port 3000","service":"opinion-trading-service","timestamp":"2025-03-11 16:52:25"}
{"level":"info","message":"MongoDB Connected: cluster0-shard-00-00.ufv5v.mongodb.net","service":"opinion-trading-service","timestamp":"2025-03-11 16:52:26"}
{"level":"info","message":"Server is running on port 3000","service":"opinion-trading-service","timestamp":"2025-03-11 16:53:03"}
{"level":"info","message":"MongoDB Connected: cluster0-shard-00-02.ufv5v.mongodb.net","service":"opinion-trading-service","timestamp":"2025-03-11 16:53:05"}
{"level":"info","message":"Server is running on port 3000","service":"opinion-trading-service","timestamp":"2025-03-11 16:54:27"}
{"level":"info","message":"Server is running on port 3000","service":"opinion-trading-service","timestamp":"2025-03-11 16:54:34"}
{"level":"info","message":"MongoDB Connected: cluster0-shard-00-00.ufv5v.mongodb.net","service":"opinion-trading-service","timestamp":"2025-03-11 16:54:36"}
{"level":"info","message":"Server is running on port 3000","service":"opinion-trading-service","timestamp":"2025-03-11 16:55:26"}
{"level":"info","message":"MongoDB Connected: cluster0-shard-00-02.ufv5v.mongodb.net","service":"opinion-trading-service","timestamp":"2025-03-11 16:55:28"}
{"level":"info","message":"Server is running on port 3000","service":"opinion-trading-service","timestamp":"2025-03-11 16:55:33"}
{"level":"info","message":"MongoDB Connected: cluster0-shard-00-02.ufv5v.mongodb.net","service":"opinion-trading-service","timestamp":"2025-03-11 16:55:34"}
{"level":"info","message":"Server is running on port 3000","service":"opinion-trading-service","timestamp":"2025-03-11 16:56:08"}
{"level":"info","message":"MongoDB Connected: cluster0-shard-00-02.ufv5v.mongodb.net","service":"opinion-trading-service","timestamp":"2025-03-11 16:56:10"}
{"level":"info","message":"Server is running on port 3000","service":"opinion-trading-service","timestamp":"2025-03-11 16:57:13"}
{"level":"info","message":"MongoDB Connected: cluster0-shard-00-02.ufv5v.mongodb.net","service":"opinion-trading-service","timestamp":"2025-03-11 16:57:15"}
{"level":"info","message":"Server is running on port 3000","service":"opinion-trading-service","timestamp":"2025-03-11 16:57:53"}
{"level":"info","message":"MongoDB Connected: cluster0-shard-00-02.ufv5v.mongodb.net","service":"opinion-trading-service","timestamp":"2025-03-11 16:57:56"}
{"level":"info","message":"Server is running on port 3000","service":"opinion-trading-service","timestamp":"2025-03-11 16:59:21"}
{"level":"info","message":"MongoDB Connected: cluster0-shard-00-02.ufv5v.mongodb.net","service":"opinion-trading-service","timestamp":"2025-03-11 16:59:24"}
{"level":"info","message":"Server is running on port 3000","service":"opinion-trading-service","timestamp":"2025-03-11 17:02:13"}
{"level":"info","message":"MongoDB Connected: cluster0-shard-00-00.ufv5v.mongodb.net","service":"opinion-trading-service","timestamp":"2025-03-11 17:02:15"}
{"level":"info","message":"Server is running on port 3000","service":"opinion-trading-service","timestamp":"2025-03-11 17:07:11"}
{"level":"info","message":"MongoDB Connected: cluster0-shard-00-02.ufv5v.mongodb.net","service":"opinion-trading-service","timestamp":"2025-03-11 17:07:13"}
{"level":"info","message":"Server is running on port 3000","service":"opinion-trading-service","timestamp":"2025-03-11 17:07:29"}
{"level":"info","message":"MongoDB Connected: cluster0-shard-00-00.ufv5v.mongodb.net","service":"opinion-trading-service","timestamp":"2025-03-11 17:07:30"}
{"level":"info","message":"Server is running on port 3000","service":"opinion-trading-service","timestamp":"2025-03-11 17:08:29"}
{"level":"info","message":"MongoDB Connected: cluster0-shard-00-00.ufv5v.mongodb.net","service":"opinion-trading-service","timestamp":"2025-03-11 17:08:32"}
{"level":"info","message":"Server is running on port 3000","service":"opinion-trading-service","timestamp":"2025-03-11 17:09:12"}
{"level":"info","message":"MongoDB Connected: cluster0-shard-00-00.ufv5v.mongodb.net","service":"opinion-trading-service","timestamp":"2025-03-11 17:09:14"}
{"level":"info","message":"Server is running on port 3000","service":"opinion-trading-service","timestamp":"2025-03-11 17:09:53"}
{"level":"info","message":"MongoDB Connected: cluster0-shard-00-01.ufv5v.mongodb.net","service":"opinion-trading-service","timestamp":"2025-03-11 17:09:55"}
{"level":"info","message":"Server is running on port 3000","service":"opinion-trading-service","timestamp":"2025-03-11 17:10:45"}
{"level":"info","message":"MongoDB Connected: cluster0-shard-00-02.ufv5v.mongodb.net","service":"opinion-trading-service","timestamp":"2025-03-11 17:10:46"}
{"level":"info","message":"Server is running on port 3000","service":"opinion-trading-service","timestamp":"2025-03-11 17:13:49"}
{"level":"info","message":"MongoDB Connected: cluster0-shard-00-01.ufv5v.mongodb.net","service":"opinion-trading-service","timestamp":"2025-03-11 17:13:51"}
{"level":"info","message":"Server is running on port 3000","service":"opinion-trading-service","timestamp":"2025-03-11 17:14:49"}
{"level":"info","message":"MongoDB Connected: cluster0-shard-00-01.ufv5v.mongodb.net","service":"opinion-trading-service","timestamp":"2025-03-11 17:14:53"}
{"level":"info","message":"Server is running on port 3000","service":"opinion-trading-service","timestamp":"2025-03-11 17:23:25"}
{"level":"info","message":"MongoDB Connected: cluster0-shard-00-01.ufv5v.mongodb.net","service":"opinion-trading-service","timestamp":"2025-03-11 17:23:27"}
{"level":"warn","message":"Port 3000 is busy. Trying port 30001...","service":"opinion-trading-service","timestamp":"2025-03-11 18:11:06"}
{"level":"info","message":"Server is running on port 3000","service":"opinion-trading-service","timestamp":"2025-03-11 18:11:06"}
{"level":"info","message":"Server is running on port 30001","service":"opinion-trading-service","timestamp":"2025-03-11 18:11:06"}
{"level":"info","message":"MongoDB Connected: cluster0-shard-00-01.ufv5v.mongodb.net","service":"opinion-trading-service","timestamp":"2025-03-11 18:11:08"}
{"level":"info","message":"Server is running on port 3000","service":"opinion-trading-service","timestamp":"2025-03-11 18:15:31"}
{"level":"info","message":"MongoDB Connected: cluster0-shard-00-00.ufv5v.mongodb.net","service":"opinion-trading-service","timestamp":"2025-03-11 18:15:33"}
{"level":"info","message":"Server is running on port 3000","service":"opinion-trading-service","timestamp":"2025-03-11 18:15:58"}
{"level":"info","message":"MongoDB Connected: cluster0-shard-00-01.ufv5v.mongodb.net","service":"opinion-trading-service","timestamp":"2025-03-11 18:16:00"}
{"level":"info","message":"Server is running on port 3000","service":"opinion-trading-service","timestamp":"2025-03-11 18:21:07"}
{"level":"info","message":"MongoDB Connected: cluster0-shard-00-01.ufv5v.mongodb.net","service":"opinion-trading-service","timestamp":"2025-03-11 18:21:08"}
{"level":"info","message":"Server is running on port 3000","service":"opinion-trading-service","timestamp":"2025-03-11 18:22:10"}
{"level":"info","message":"MongoDB Connected: cluster0-shard-00-01.ufv5v.mongodb.net","service":"opinion-trading-service","timestamp":"2025-03-11 18:22:12"}
{"level":"warn","message":"Port 3000 is busy. Trying port 30001...","service":"opinion-trading-service","timestamp":"2025-03-11 18:24:20"}
{"level":"info","message":"Server is running on port 3000","service":"opinion-trading-service","timestamp":"2025-03-11 18:24:21"}
{"level":"info","message":"Server is running on port 30001","service":"opinion-trading-service","timestamp":"2025-03-11 18:24:21"}
{"level":"info","message":"MongoDB Connected: cluster0-shard-00-01.ufv5v.mongodb.net","service":"opinion-trading-service","timestamp":"2025-03-11 18:24:26"}
{"level":"info","message":"Client connected: tNVaP37YUPjJ8hTzAAAB","service":"opinion-trading-service","timestamp":"2025-03-11 19:03:08"}
{"level":"info","message":"Client connected: E19u_zQy1R4qN3UQAAAE","service":"opinion-trading-service","timestamp":"2025-03-11 19:03:15"}
{"level":"info","message":"Client disconnected: tNVaP37YUPjJ8hTzAAAB","service":"opinion-trading-service","timestamp":"2025-03-11 19:03:52"}
{"level":"info","message":"Client connected: Hn0GDd6OEZ0Dr8MGAAAH","service":"opinion-trading-service","timestamp":"2025-03-11 19:03:53"}
{"level":"info","message":"Client disconnected: E19u_zQy1R4qN3UQAAAE","service":"opinion-trading-service","timestamp":"2025-03-11 19:04:25"}
{"level":"info","message":"Client connected: wFfCdlcFIr4cQoibAAAK","service":"opinion-trading-service","timestamp":"2025-03-11 19:07:56"}
{"level":"info","message":"Client disconnected: wFfCdlcFIr4cQoibAAAK","service":"opinion-trading-service","timestamp":"2025-03-11 19:08:07"}
{"level":"info","message":"Client connected: d_wMdaB1XGRWsFCXAAAM","service":"opinion-trading-service","timestamp":"2025-03-11 19:08:08"}
{"level":"info","message":"Client disconnected: Hn0GDd6OEZ0Dr8MGAAAH","service":"opinion-trading-service","timestamp":"2025-03-11 19:08:27"}
{"level":"info","message":"Client connected: HK0IwjngCEOq00ndAAAP","service":"opinion-trading-service","timestamp":"2025-03-11 19:10:31"}
{"level":"info","message":"Client disconnected: d_wMdaB1XGRWsFCXAAAM","service":"opinion-trading-service","timestamp":"2025-03-11 19:10:34"}
{"level":"info","message":"Client disconnected: HK0IwjngCEOq00ndAAAP","service":"opinion-trading-service","timestamp":"2025-03-11 19:10:49"}
{"level":"info","message":"Client connected: i-2sCk60L-bNbnOYAAAR","service":"opinion-trading-service","timestamp":"2025-03-11 19:10:50"}
{"level":"info","message":"Client connected: 9J6SPDHHPCeazNJwAAAU","service":"opinion-trading-service","timestamp":"2025-03-11 19:13:40"}
{"level":"info","message":"Client disconnected: 9J6SPDHHPCeazNJwAAAU","service":"opinion-trading-service","timestamp":"2025-03-11 19:13:47"}
{"level":"info","message":"Client connected: UgFJeQNDTZzPCNTYAAAW","service":"opinion-trading-service","timestamp":"2025-03-11 19:13:48"}
{"level":"info","message":"Client disconnected: i-2sCk60L-bNbnOYAAAR","service":"opinion-trading-service","timestamp":"2025-03-11 19:14:17"}
{"level":"info","message":"Client connected: MWucND421iH3W3HOAAAZ","service":"opinion-trading-service","timestamp":"2025-03-11 19:14:59"}
{"level":"info","message":"Client disconnected: MWucND421iH3W3HOAAAZ","service":"opinion-trading-service","timestamp":"2025-03-11 19:15:04"}
{"level":"info","message":"Client connected: FFmf1XLlpKK9bHiWAAAb","service":"opinion-trading-service","timestamp":"2025-03-11 19:15:05"}
{"level":"info","message":"Client disconnected: UgFJeQNDTZzPCNTYAAAW","service":"opinion-trading-service","timestamp":"2025-03-11 19:15:25"}
{"level":"info","message":"Client disconnected: FFmf1XLlpKK9bHiWAAAb","service":"opinion-trading-service","timestamp":"2025-03-11 19:15:49"}
{"level":"info","message":"Client connected: 0YfFQngTv0hR9XwYAAAe","service":"opinion-trading-service","timestamp":"2025-03-11 19:16:50"}
{"level":"info","message":"Client disconnected: 0YfFQngTv0hR9XwYAAAe","service":"opinion-trading-service","timestamp":"2025-03-11 19:16:55"}
{"level":"info","message":"Client connected: G7ScTfmJPMeKqLb2AAAg","service":"opinion-trading-service","timestamp":"2025-03-11 19:16:56"}
{"level":"info","message":"Client connected: mPWWiB2sw70sZmgkAAAj","service":"opinion-trading-service","timestamp":"2025-03-11 19:21:24"}
{"level":"info","message":"Client disconnected: mPWWiB2sw70sZmgkAAAj","service":"opinion-trading-service","timestamp":"2025-03-11 19:21:28"}
{"level":"info","message":"Client connected: Y1OnDqbqf_Y0hHTUAAAl","service":"opinion-trading-service","timestamp":"2025-03-11 19:21:29"}
{"level":"info","message":"Client disconnected: G7ScTfmJPMeKqLb2AAAg","service":"opinion-trading-service","timestamp":"2025-03-11 19:21:52"}
{"level":"info","message":"Client disconnected: Y1OnDqbqf_Y0hHTUAAAl","service":"opinion-trading-service","timestamp":"2025-03-11 19:24:36"}
{"level":"info","message":"Client connected: PVo9lbaXtMWi4TpHAAAo","service":"opinion-trading-service","timestamp":"2025-03-11 19:24:54"}
{"level":"info","message":"Client disconnected: PVo9lbaXtMWi4TpHAAAo","service":"opinion-trading-service","timestamp":"2025-03-11 19:24:58"}
{"level":"info","message":"Client connected: No5Wfbv0O9mlO6nXAAAs","service":"opinion-trading-service","timestamp":"2025-03-11 19:25:44"}
{"level":"info","message":"Client disconnected: No5Wfbv0O9mlO6nXAAAs","service":"opinion-trading-service","timestamp":"2025-03-11 19:25:51"}
{"level":"info","message":"Client connected: pcIbWN1jyrILxpCsAAAu","service":"opinion-trading-service","timestamp":"2025-03-11 19:25:52"}
{"level":"info","message":"Client connected: 9YMkkw-u68w65lVLAAAx","service":"opinion-trading-service","timestamp":"2025-03-11 19:29:59"}
{"level":"info","message":"Client disconnected: 9YMkkw-u68w65lVLAAAx","service":"opinion-trading-service","timestamp":"2025-03-11 19:30:04"}
{"level":"info","message":"Client connected: lsXPHjvxJRjmimerAAAz","service":"opinion-trading-service","timestamp":"2025-03-11 19:30:05"}
{"level":"info","message":"Client disconnected: pcIbWN1jyrILxpCsAAAu","service":"opinion-trading-service","timestamp":"2025-03-11 19:30:35"}
{"level":"info","message":"Client disconnected: lsXPHjvxJRjmimerAAAz","service":"opinion-trading-service","timestamp":"2025-03-11 19:35:14"}
{"level":"info","message":"Client connected: B1G085pfVqMliH7NAAA1","service":"opinion-trading-service","timestamp":"2025-03-11 19:35:23"}
{"level":"info","message":"Client disconnected: B1G085pfVqMliH7NAAA1","service":"opinion-trading-service","timestamp":"2025-03-11 19:41:01"}
{"level":"info","message":"Client connected: wgXM71Po-rBLoG0vAAA4","service":"opinion-trading-service","timestamp":"2025-03-11 19:42:30"}
{"level":"info","message":"Client disconnected: wgXM71Po-rBLoG0vAAA4","service":"opinion-trading-service","timestamp":"2025-03-11 19:57:51"}
{"level":"info","message":"Client connected: sgAc8vfQI0_qsGMpAAA7","service":"opinion-trading-service","timestamp":"2025-03-11 19:58:06"}
{"level":"info","message":"Client disconnected: sgAc8vfQI0_qsGMpAAA7","service":"opinion-trading-service","timestamp":"2025-03-11 19:58:15"}
{"level":"info","message":"Client connected: I1pdzgx0UR8HMqUvAAA9","service":"opinion-trading-service","timestamp":"2025-03-11 19:58:15"}
{"level":"info","message":"Client disconnected: I1pdzgx0UR8HMqUvAAA9","service":"opinion-trading-service","timestamp":"2025-03-11 20:07:51"}
{"level":"info","message":"Client connected: MNrll6llwfK-hueKAAA_","service":"opinion-trading-service","timestamp":"2025-03-11 20:08:34"}
{"level":"info","message":"Client disconnected: MNrll6llwfK-hueKAAA_","service":"opinion-trading-service","timestamp":"2025-03-11 20:09:20"}
{"level":"info","message":"Client connected: ulAgjb-SLuMJYEGIAABB","service":"opinion-trading-service","timestamp":"2025-03-11 20:10:11"}
{"level":"info","message":"Client disconnected: ulAgjb-SLuMJYEGIAABB","service":"opinion-trading-service","timestamp":"2025-03-11 21:27:19"}
{"level":"info","message":"Client connected: cLNCbx40zcZj4DtnAABD","service":"opinion-trading-service","timestamp":"2025-03-11 22:05:57"}
{"level":"info","message":"Client disconnected: cLNCbx40zcZj4DtnAABD","service":"opinion-trading-service","timestamp":"2025-03-11 22:42:48"}
{"level":"info","message":"Client connected: Nr0BYIAyv33vYjUyAABF","service":"opinion-trading-service","timestamp":"2025-03-11 22:50:28"}
{"level":"info","message":"Server is running on port 3000","service":"opinion-trading-service","timestamp":"2025-03-11 22:58:39"}
{"level":"info","message":"MongoDB Connected: cluster0-shard-00-02.ufv5v.mongodb.net","service":"opinion-trading-service","timestamp":"2025-03-11 22:58:42"}
{"level":"info","message":"Client connected: n3I2wlakbiVjxZlSAAAD","service":"opinion-trading-service","timestamp":"2025-03-11 22:59:43"}
{"level":"info","message":"Client disconnected: n3I2wlakbiVjxZlSAAAD","service":"opinion-trading-service","timestamp":"2025-03-11 22:59:58"}
{"level":"info","message":"Client connected: 3mLhoHXNluk1DCylAAAF","service":"opinion-trading-service","timestamp":"2025-03-11 23:00:01"}
{"level":"info","message":"Client disconnected: 3mLhoHXNluk1DCylAAAF","service":"opinion-trading-service","timestamp":"2025-03-11 23:05:31"}
{"level":"info","message":"Client connected: 4-brPbgly_V5n05yAAAK","service":"opinion-trading-service","timestamp":"2025-03-11 23:09:09"}
{"level":"info","message":"Client connected: P6UHK0KfTgKeKK7pAAAL","service":"opinion-trading-service","timestamp":"2025-03-11 23:09:12"}
{"level":"info","message":"Client connected: pN1oB5BheNLEX18aAAAO","service":"opinion-trading-service","timestamp":"2025-03-11 23:13:22"}
{"level":"info","message":"Client disconnected: P6UHK0KfTgKeKK7pAAAL","service":"opinion-trading-service","timestamp":"2025-03-11 23:13:38"}
{"level":"info","message":"Client disconnected: pN1oB5BheNLEX18aAAAO","service":"opinion-trading-service","timestamp":"2025-03-11 23:14:07"}
{"level":"info","message":"Client disconnected: 4-brPbgly_V5n05yAAAK","service":"opinion-trading-service","timestamp":"2025-03-11 23:14:53"}
{"level":"info","message":"Client connected: tOdauugC0pZLDUv8AAAQ","service":"opinion-trading-service","timestamp":"2025-03-11 23:14:54"}
{"level":"info","message":"Client disconnected: tOdauugC0pZLDUv8AAAQ","service":"opinion-trading-service","timestamp":"2025-03-11 23:16:06"}
{"level":"info","message":"Client connected: yK8UhjO3GAz6TXUDAAAS","service":"opinion-trading-service","timestamp":"2025-03-11 23:16:11"}
{"level":"info","message":"Client connected: Svq0U_wPvphukIVMAAAU","service":"opinion-trading-service","timestamp":"2025-03-11 23:16:26"}
